<?xml version="1.0" encoding="UTF-8"?>
<coverage generated="1563474977986" clover="3.2.0">
  <project timestamp="1563474977986" name="All files">
    <metrics statements="65" coveredstatements="41" conditionals="6" coveredconditionals="3" methods="22" coveredmethods="9" elements="93" coveredelements="53" complexity="0" loc="65" ncloc="65" packages="6" files="9" classes="9"/>
    <package name="front-end">
      <metrics statements="3" coveredstatements="3" conditionals="0" coveredconditionals="0" methods="1" coveredmethods="1"/>
      <file name="App.js" path="/Users/melissa/codefellows/401/finalproject/react-native-front-end/front-end/App.js">
        <metrics statements="3" coveredstatements="3" conditionals="0" coveredconditionals="0" methods="1" coveredmethods="1"/>
        <line num="8" count="1" type="stmt"/>
        <line num="22" count="1" type="stmt"/>
        <line num="26" count="2" type="stmt"/>
      </file>
    </package>
    <package name="front-end.src.component.Create-Goal">
      <metrics statements="15" coveredstatements="7" conditionals="0" coveredconditionals="0" methods="8" coveredmethods="2"/>
      <file name="Create-Goal.js" path="/Users/melissa/codefellows/401/finalproject/react-native-front-end/front-end/src/component/Create-Goal/Create-Goal.js">
        <metrics statements="14" coveredstatements="6" conditionals="0" coveredconditionals="0" methods="8" coveredmethods="2"/>
        <line num="10" count="2" type="stmt"/>
        <line num="12" count="2" type="stmt"/>
        <line num="13" count="2" type="stmt"/>
        <line num="14" count="2" type="stmt"/>
        <line num="18" count="0" type="stmt"/>
        <line num="19" count="0" type="stmt"/>
        <line num="22" count="0" type="stmt"/>
        <line num="24" count="2" type="stmt"/>
        <line num="25" count="0" type="stmt"/>
        <line num="26" count="0" type="stmt"/>
        <line num="30" count="2" type="stmt"/>
        <line num="39" count="0" type="stmt"/>
        <line num="48" count="0" type="stmt"/>
        <line num="53" count="0" type="stmt"/>
      </file>
      <file name="styles.js" path="/Users/melissa/codefellows/401/finalproject/react-native-front-end/front-end/src/component/Create-Goal/styles.js">
        <metrics statements="1" coveredstatements="1" conditionals="0" coveredconditionals="0" methods="0" coveredmethods="0"/>
        <line num="3" count="2" type="stmt"/>
      </file>
    </package>
    <package name="front-end.src.component.Dashboard">
      <metrics statements="14" coveredstatements="10" conditionals="0" coveredconditionals="0" methods="6" coveredmethods="3"/>
      <file name="Dashboard.js" path="/Users/melissa/codefellows/401/finalproject/react-native-front-end/front-end/src/component/Dashboard/Dashboard.js">
        <metrics statements="14" coveredstatements="10" conditionals="0" coveredconditionals="0" methods="6" coveredmethods="3"/>
        <line num="7" count="2" type="stmt"/>
        <line num="10" count="2" type="stmt"/>
        <line num="13" count="4" type="stmt"/>
        <line num="14" count="4" type="stmt"/>
        <line num="15" count="4" type="stmt"/>
        <line num="16" count="3" type="stmt"/>
        <line num="17" count="3" type="stmt"/>
        <line num="19" count="3" type="stmt"/>
        <line num="69" count="3" type="stmt"/>
        <line num="81" count="0" type="stmt"/>
        <line num="82" count="0" type="stmt"/>
        <line num="88" count="3" type="stmt"/>
        <line num="95" count="0" type="stmt"/>
        <line num="116" count="0" type="stmt"/>
      </file>
    </package>
    <package name="front-end.src.component.Home-Page">
      <metrics statements="27" coveredstatements="15" conditionals="4" coveredconditionals="1" methods="6" coveredmethods="2"/>
      <file name="Home-Page.js" path="/Users/melissa/codefellows/401/finalproject/react-native-front-end/front-end/src/component/Home-Page/Home-Page.js">
        <metrics statements="26" coveredstatements="14" conditionals="4" coveredconditionals="1" methods="6" coveredmethods="2"/>
        <line num="13" count="2" type="stmt"/>
        <line num="16" count="2" type="stmt"/>
        <line num="19" count="4" type="stmt"/>
        <line num="20" count="4" type="stmt"/>
        <line num="22" count="4" type="stmt"/>
        <line num="23" count="4" type="stmt"/>
        <line num="24" count="4" type="stmt"/>
        <line num="26" count="4" type="stmt"/>
        <line num="28" count="4" type="cond" truecount="1" falsecount="1"/>
        <line num="29" count="4" type="stmt"/>
        <line num="37" count="4" type="stmt"/>
        <line num="38" count="0" type="stmt"/>
        <line num="39" count="0" type="stmt"/>
        <line num="41" count="0" type="stmt"/>
        <line num="48" count="4" type="stmt"/>
        <line num="49" count="0" type="stmt"/>
        <line num="50" count="0" type="stmt"/>
        <line num="52" count="0" type="stmt"/>
        <line num="54" count="0" type="stmt"/>
        <line num="56" count="0" type="stmt"/>
        <line num="57" count="0" type="stmt"/>
        <line num="61" count="4" type="stmt"/>
        <line num="62" count="0" type="cond" truecount="0" falsecount="2"/>
        <line num="63" count="0" type="stmt"/>
        <line num="72" count="4" type="stmt"/>
        <line num="86" count="0" type="stmt"/>
      </file>
      <file name="styles.js" path="/Users/melissa/codefellows/401/finalproject/react-native-front-end/front-end/src/component/Home-Page/styles.js">
        <metrics statements="1" coveredstatements="1" conditionals="0" coveredconditionals="0" methods="0" coveredmethods="0"/>
        <line num="3" count="2" type="stmt"/>
      </file>
    </package>
    <package name="front-end.src.component.If">
      <metrics statements="4" coveredstatements="4" conditionals="2" coveredconditionals="2" methods="1" coveredmethods="1"/>
      <file name="If.js" path="/Users/melissa/codefellows/401/finalproject/react-native-front-end/front-end/src/component/If/If.js">
        <metrics statements="4" coveredstatements="4" conditionals="2" coveredconditionals="2" methods="1" coveredmethods="1"/>
        <line num="1" count="3" type="stmt"/>
        <line num="2" count="7" type="cond" truecount="2" falsecount="0"/>
        <line num="3" count="1" type="stmt"/>
        <line num="6" count="6" type="stmt"/>
      </file>
    </package>
    <package name="front-end.src.context">
      <metrics statements="2" coveredstatements="2" conditionals="0" coveredconditionals="0" methods="0" coveredmethods="0"/>
      <file name="app-state-context.js" path="/Users/melissa/codefellows/401/finalproject/react-native-front-end/front-end/src/context/app-state-context.js">
        <metrics statements="1" coveredstatements="1" conditionals="0" coveredconditionals="0" methods="0" coveredmethods="0"/>
        <line num="3" count="2" type="stmt"/>
      </file>
      <file name="navigation-context.js" path="/Users/melissa/codefellows/401/finalproject/react-native-front-end/front-end/src/context/navigation-context.js">
        <metrics statements="1" coveredstatements="1" conditionals="0" coveredconditionals="0" methods="0" coveredmethods="0"/>
        <line num="3" count="2" type="stmt"/>
      </file>
    </package>
  </project>
</coverage>
