<?xml version="1.0" encoding="UTF-8"?>
<coverage generated="1563486753954" clover="3.2.0">
  <project timestamp="1563486753954" name="All files">
    <metrics statements="74" coveredstatements="34" conditionals="8" coveredconditionals="1" methods="25" coveredmethods="7" elements="107" coveredelements="42" complexity="0" loc="74" ncloc="74" packages="3" files="3" classes="3"/>
    <package name="Create-Goal">
      <metrics statements="18" coveredstatements="12" conditionals="0" coveredconditionals="0" methods="8" coveredmethods="2"/>
      <file name="Create-Goal.js" path="/Users/jag/school/cf/401/block-projects/final/react-native-front-end/front-end/src/component/Create-Goal/Create-Goal.js">
        <metrics statements="18" coveredstatements="12" conditionals="0" coveredconditionals="0" methods="8" coveredmethods="2"/>
        <line num="17" count="2" type="stmt"/>
        <line num="26" count="2" type="stmt"/>
        <line num="27" count="2" type="stmt"/>
        <line num="28" count="2" type="stmt"/>
        <line num="29" count="2" type="stmt"/>
        <line num="37" count="2" type="stmt"/>
        <line num="39" count="0" type="stmt"/>
        <line num="47" count="2" type="stmt"/>
        <line num="49" count="0" type="stmt"/>
        <line num="57" count="2" type="stmt"/>
        <line num="58" count="0" type="stmt"/>
        <line num="66" count="2" type="stmt"/>
        <line num="67" count="0" type="stmt"/>
        <line num="75" count="2" type="stmt"/>
        <line num="76" count="0" type="stmt"/>
        <line num="84" count="2" type="stmt"/>
        <line num="85" count="0" type="stmt"/>
        <line num="89" count="2" type="stmt"/>
      </file>
    </package>
    <package name="Dashboard">
      <metrics statements="30" coveredstatements="12" conditionals="4" coveredconditionals="1" methods="10" coveredmethods="3"/>
      <file name="Dashboard.js" path="/Users/jag/school/cf/401/block-projects/final/react-native-front-end/front-end/src/component/Dashboard/Dashboard.js">
        <metrics statements="30" coveredstatements="12" conditionals="4" coveredconditionals="1" methods="10" coveredmethods="3"/>
        <line num="7" count="2" type="stmt"/>
        <line num="19" count="2" type="stmt"/>
        <line num="30" count="2" type="stmt"/>
        <line num="31" count="2" type="stmt"/>
        <line num="32" count="2" type="stmt"/>
        <line num="33" count="1" type="stmt"/>
        <line num="34" count="1" type="stmt"/>
        <line num="35" count="1" type="stmt"/>
        <line num="37" count="1" type="stmt"/>
        <line num="52" count="0" type="stmt"/>
        <line num="64" count="0" type="stmt"/>
        <line num="75" count="0" type="stmt"/>
        <line num="77" count="0" type="stmt"/>
        <line num="78" count="0" type="stmt"/>
        <line num="79" count="0" type="stmt"/>
        <line num="80" count="0" type="stmt"/>
        <line num="81" count="0" type="stmt"/>
        <line num="84" count="0" type="cond" truecount="0" falsecount="2"/>
        <line num="85" count="0" type="stmt"/>
        <line num="88" count="0" type="stmt"/>
        <line num="98" count="0" type="stmt"/>
        <line num="99" count="0" type="stmt"/>
        <line num="102" count="2" type="stmt"/>
        <line num="103" count="0" type="stmt"/>
        <line num="104" count="0" type="stmt"/>
        <line num="105" count="0" type="stmt"/>
        <line num="115" count="1" type="stmt"/>
        <line num="125" count="1" type="stmt"/>
        <line num="131" count="0" type="stmt"/>
        <line num="146" count="0" type="stmt"/>
      </file>
    </package>
    <package name="Home-Page">
      <metrics statements="26" coveredstatements="10" conditionals="4" coveredconditionals="0" methods="7" coveredmethods="2"/>
      <file name="Home-Page.js" path="/Users/jag/school/cf/401/block-projects/final/react-native-front-end/front-end/src/component/Home-Page/Home-Page.js">
        <metrics statements="26" coveredstatements="10" conditionals="4" coveredconditionals="0" methods="7" coveredmethods="2"/>
        <line num="15" count="2" type="stmt"/>
        <line num="24" count="2" type="stmt"/>
        <line num="32" count="4" type="stmt"/>
        <line num="33" count="4" type="stmt"/>
        <line num="34" count="4" type="stmt"/>
        <line num="39" count="4" type="stmt"/>
        <line num="49" count="0" type="cond" truecount="0" falsecount="2"/>
        <line num="50" count="0" type="stmt"/>
        <line num="64" count="4" type="stmt"/>
        <line num="66" count="0" type="stmt"/>
        <line num="67" count="0" type="stmt"/>
        <line num="69" count="0" type="stmt"/>
        <line num="74" count="0" type="stmt"/>
        <line num="85" count="4" type="stmt"/>
        <line num="86" count="0" type="stmt"/>
        <line num="88" count="0" type="stmt"/>
        <line num="89" count="0" type="stmt"/>
        <line num="90" count="0" type="stmt"/>
        <line num="92" count="0" type="stmt"/>
        <line num="93" count="0" type="stmt"/>
        <line num="102" count="4" type="stmt"/>
        <line num="103" count="0" type="cond" truecount="0" falsecount="2"/>
        <line num="104" count="0" type="stmt"/>
        <line num="110" count="0" type="stmt"/>
        <line num="120" count="4" type="stmt"/>
        <line num="134" count="0" type="stmt"/>
      </file>
    </package>
  </project>
</coverage>
