{"/Users/jag/school/cf/401/block-projects/final/react-native-front-end/front-end/src/component/Create-Goal/Create-Goal.js": {"path":"/Users/jag/school/cf/401/block-projects/final/react-native-front-end/front-end/src/component/Create-Goal/Create-Goal.js","statementMap":{"0":{"start":{"line":17,"column":29},"end":{"line":17,"column":81}},"1":{"start":{"line":26,"column":4},"end":{"line":26,"column":17}},"2":{"start":{"line":27,"column":4},"end":{"line":27,"column":20}},"3":{"start":{"line":28,"column":4},"end":{"line":28,"column":52}},"4":{"start":{"line":29,"column":4},"end":{"line":29,"column":50}},"5":{"start":{"line":37,"column":28},"end":{"line":40,"column":3}},"6":{"start":{"line":39,"column":4},"end":{"line":39,"column":58}},"7":{"start":{"line":47,"column":26},"end":{"line":50,"column":3}},"8":{"start":{"line":49,"column":4},"end":{"line":49,"column":56}},"9":{"start":{"line":57,"column":28},"end":{"line":59,"column":3}},"10":{"start":{"line":58,"column":4},"end":{"line":58,"column":59}},"11":{"start":{"line":66,"column":26},"end":{"line":68,"column":3}},"12":{"start":{"line":67,"column":4},"end":{"line":67,"column":57}},"13":{"start":{"line":75,"column":26},"end":{"line":77,"column":3}},"14":{"start":{"line":76,"column":4},"end":{"line":76,"column":35}},"15":{"start":{"line":84,"column":24},"end":{"line":86,"column":3}},"16":{"start":{"line":85,"column":4},"end":{"line":85,"column":33}},"17":{"start":{"line":89,"column":4},"end":{"line":114,"column":6}}},"fnMap":{"0":{"name":"(anonymous_0)","decl":{"start":{"line":25,"column":2},"end":{"line":25,"column":3}},"loc":{"start":{"line":25,"column":21},"end":{"line":30,"column":3}},"line":25},"1":{"name":"(anonymous_1)","decl":{"start":{"line":37,"column":28},"end":{"line":37,"column":29}},"loc":{"start":{"line":37,"column":34},"end":{"line":40,"column":3}},"line":37},"2":{"name":"(anonymous_2)","decl":{"start":{"line":47,"column":26},"end":{"line":47,"column":27}},"loc":{"start":{"line":47,"column":32},"end":{"line":50,"column":3}},"line":47},"3":{"name":"(anonymous_3)","decl":{"start":{"line":57,"column":28},"end":{"line":57,"column":29}},"loc":{"start":{"line":57,"column":34},"end":{"line":59,"column":3}},"line":57},"4":{"name":"(anonymous_4)","decl":{"start":{"line":66,"column":26},"end":{"line":66,"column":27}},"loc":{"start":{"line":66,"column":32},"end":{"line":68,"column":3}},"line":66},"5":{"name":"(anonymous_5)","decl":{"start":{"line":75,"column":26},"end":{"line":75,"column":27}},"loc":{"start":{"line":75,"column":36},"end":{"line":77,"column":3}},"line":75},"6":{"name":"(anonymous_6)","decl":{"start":{"line":84,"column":24},"end":{"line":84,"column":25}},"loc":{"start":{"line":84,"column":34},"end":{"line":86,"column":3}},"line":84},"7":{"name":"(anonymous_7)","decl":{"start":{"line":88,"column":2},"end":{"line":88,"column":3}},"loc":{"start":{"line":88,"column":11},"end":{"line":115,"column":3}},"line":88}},"branchMap":{},"s":{"0":2,"1":2,"2":2,"3":2,"4":2,"5":2,"6":0,"7":2,"8":0,"9":2,"10":0,"11":2,"12":0,"13":2,"14":0,"15":2,"16":0,"17":2},"f":{"0":2,"1":0,"2":0,"3":0,"4":0,"5":0,"6":0,"7":2},"b":{},"_coverageSchema":"43e27e138ebf9cfc5966b082cf9a028302ed4184","hash":"57ddc82f7932fe363be452a68e0feaea8ad20297"}
,"/Users/jag/school/cf/401/block-projects/final/react-native-front-end/front-end/src/component/Dashboard/Dashboard.js": {"path":"/Users/jag/school/cf/401/block-projects/final/react-native-front-end/front-end/src/component/Dashboard/Dashboard.js","statementMap":{"0":{"start":{"line":7,"column":29},"end":{"line":7,"column":72}},"1":{"start":{"line":19,"column":29},"end":{"line":19,"column":95}},"2":{"start":{"line":30,"column":4},"end":{"line":30,"column":17}},"3":{"start":{"line":31,"column":4},"end":{"line":31,"column":20}},"4":{"start":{"line":32,"column":4},"end":{"line":32,"column":55}},"5":{"start":{"line":33,"column":4},"end":{"line":33,"column":54}},"6":{"start":{"line":34,"column":4},"end":{"line":34,"column":65}},"7":{"start":{"line":35,"column":4},"end":{"line":35,"column":30}},"8":{"start":{"line":37,"column":4},"end":{"line":43,"column":6}},"9":{"start":{"line":52,"column":4},"end":{"line":52,"column":24}},"10":{"start":{"line":64,"column":16},"end":{"line":73,"column":6}},"11":{"start":{"line":75,"column":4},"end":{"line":75,"column":31}},"12":{"start":{"line":77,"column":4},"end":{"line":82,"column":7}},"13":{"start":{"line":78,"column":6},"end":{"line":78,"column":41}},"14":{"start":{"line":79,"column":6},"end":{"line":79,"column":32}},"15":{"start":{"line":80,"column":6},"end":{"line":80,"column":42}},"16":{"start":{"line":81,"column":6},"end":{"line":81,"column":21}},"17":{"start":{"line":84,"column":4},"end":{"line":86,"column":5}},"18":{"start":{"line":85,"column":6},"end":{"line":85,"column":56}},"19":{"start":{"line":88,"column":4},"end":{"line":88,"column":23}},"20":{"start":{"line":98,"column":4},"end":{"line":98,"column":37}},"21":{"start":{"line":99,"column":4},"end":{"line":99,"column":23}},"22":{"start":{"line":102,"column":16},"end":{"line":106,"column":3}},"23":{"start":{"line":103,"column":4},"end":{"line":103,"column":29}},"24":{"start":{"line":104,"column":4},"end":{"line":104,"column":24}},"25":{"start":{"line":105,"column":4},"end":{"line":105,"column":30}},"26":{"start":{"line":115,"column":4},"end":{"line":162,"column":6}},"27":{"start":{"line":125,"column":16},"end":{"line":132,"column":18}},"28":{"start":{"line":131,"column":80},"end":{"line":131,"column":104}},"29":{"start":{"line":146,"column":16},"end":{"line":146,"column":61}}},"fnMap":{"0":{"name":"(anonymous_0)","decl":{"start":{"line":29,"column":2},"end":{"line":29,"column":3}},"loc":{"start":{"line":29,"column":21},"end":{"line":44,"column":3}},"line":29},"1":{"name":"(anonymous_1)","decl":{"start":{"line":51,"column":2},"end":{"line":51,"column":3}},"loc":{"start":{"line":51,"column":22},"end":{"line":53,"column":3}},"line":51},"2":{"name":"(anonymous_2)","decl":{"start":{"line":63,"column":2},"end":{"line":63,"column":3}},"loc":{"start":{"line":63,"column":23},"end":{"line":89,"column":3}},"line":63},"3":{"name":"(anonymous_3)","decl":{"start":{"line":77,"column":14},"end":{"line":77,"column":15}},"loc":{"start":{"line":77,"column":32},"end":{"line":82,"column":5}},"line":77},"4":{"name":"(anonymous_4)","decl":{"start":{"line":97,"column":2},"end":{"line":97,"column":3}},"loc":{"start":{"line":97,"column":22},"end":{"line":100,"column":3}},"line":97},"5":{"name":"(anonymous_5)","decl":{"start":{"line":102,"column":16},"end":{"line":102,"column":17}},"loc":{"start":{"line":102,"column":22},"end":{"line":106,"column":3}},"line":102},"6":{"name":"(anonymous_6)","decl":{"start":{"line":114,"column":2},"end":{"line":114,"column":3}},"loc":{"start":{"line":114,"column":11},"end":{"line":163,"column":3}},"line":114},"7":{"name":"(anonymous_7)","decl":{"start":{"line":124,"column":26},"end":{"line":124,"column":27}},"loc":{"start":{"line":125,"column":16},"end":{"line":132,"column":18}},"line":125},"8":{"name":"(anonymous_8)","decl":{"start":{"line":131,"column":74},"end":{"line":131,"column":75}},"loc":{"start":{"line":131,"column":80},"end":{"line":131,"column":104}},"line":131},"9":{"name":"(anonymous_9)","decl":{"start":{"line":145,"column":23},"end":{"line":145,"column":24}},"loc":{"start":{"line":145,"column":29},"end":{"line":147,"column":15}},"line":145}},"branchMap":{"0":{"loc":{"start":{"line":84,"column":4},"end":{"line":86,"column":5}},"type":"if","locations":[{"start":{"line":84,"column":4},"end":{"line":86,"column":5}},{"start":{"line":84,"column":4},"end":{"line":86,"column":5}}],"line":84},"1":{"loc":{"start":{"line":130,"column":28},"end":{"line":130,"column":84}},"type":"cond-expr","locations":[{"start":{"line":130,"column":42},"end":{"line":130,"column":66}},{"start":{"line":130,"column":69},"end":{"line":130,"column":84}}],"line":130}},"s":{"0":2,"1":2,"2":2,"3":2,"4":2,"5":1,"6":1,"7":1,"8":1,"9":0,"10":0,"11":0,"12":0,"13":0,"14":0,"15":0,"16":0,"17":0,"18":0,"19":0,"20":0,"21":0,"22":2,"23":0,"24":0,"25":0,"26":1,"27":1,"28":0,"29":0},"f":{"0":2,"1":0,"2":0,"3":0,"4":0,"5":0,"6":1,"7":1,"8":0,"9":0},"b":{"0":[0,0],"1":[0,1]},"_coverageSchema":"43e27e138ebf9cfc5966b082cf9a028302ed4184","hash":"1b71839ea8760f496a90052420be2a4a6878bd1e"}
,"/Users/jag/school/cf/401/block-projects/final/react-native-front-end/front-end/src/component/Home-Page/Home-Page.js": {"path":"/Users/jag/school/cf/401/block-projects/final/react-native-front-end/front-end/src/component/Home-Page/Home-Page.js","statementMap":{"0":{"start":{"line":15,"column":25},"end":{"line":15,"column":76}},"1":{"start":{"line":24,"column":29},"end":{"line":24,"column":45}},"2":{"start":{"line":32,"column":4},"end":{"line":32,"column":17}},"3":{"start":{"line":33,"column":4},"end":{"line":33,"column":20}},"4":{"start":{"line":34,"column":4},"end":{"line":34,"column":28}},"5":{"start":{"line":39,"column":4},"end":{"line":39,"column":36}},"6":{"start":{"line":49,"column":4},"end":{"line":55,"column":5}},"7":{"start":{"line":50,"column":6},"end":{"line":54,"column":9}},"8":{"start":{"line":64,"column":20},"end":{"line":75,"column":3}},"9":{"start":{"line":66,"column":4},"end":{"line":66,"column":32}},"10":{"start":{"line":67,"column":17},"end":{"line":67,"column":41}},"11":{"start":{"line":69,"column":4},"end":{"line":73,"column":7}},"12":{"start":{"line":74,"column":4},"end":{"line":74,"column":29}},"13":{"start":{"line":85,"column":10},"end":{"line":95,"column":3}},"14":{"start":{"line":86,"column":4},"end":{"line":94,"column":5}},"15":{"start":{"line":88,"column":6},"end":{"line":88,"column":60}},"16":{"start":{"line":89,"column":6},"end":{"line":89,"column":58}},"17":{"start":{"line":90,"column":6},"end":{"line":90,"column":63}},"18":{"start":{"line":92,"column":6},"end":{"line":92,"column":19}},"19":{"start":{"line":93,"column":6},"end":{"line":93,"column":27}},"20":{"start":{"line":102,"column":11},"end":{"line":111,"column":3}},"21":{"start":{"line":103,"column":4},"end":{"line":109,"column":5}},"22":{"start":{"line":104,"column":6},"end":{"line":108,"column":9}},"23":{"start":{"line":110,"column":4},"end":{"line":110,"column":47}},"24":{"start":{"line":120,"column":4},"end":{"line":143,"column":6}},"25":{"start":{"line":134,"column":85},"end":{"line":134,"column":97}}},"fnMap":{"0":{"name":"(anonymous_0)","decl":{"start":{"line":31,"column":2},"end":{"line":31,"column":3}},"loc":{"start":{"line":31,"column":21},"end":{"line":40,"column":3}},"line":31},"1":{"name":"(anonymous_1)","decl":{"start":{"line":48,"column":2},"end":{"line":48,"column":3}},"loc":{"start":{"line":48,"column":22},"end":{"line":56,"column":3}},"line":48},"2":{"name":"(anonymous_2)","decl":{"start":{"line":64,"column":20},"end":{"line":64,"column":21}},"loc":{"start":{"line":64,"column":31},"end":{"line":75,"column":3}},"line":64},"3":{"name":"(anonymous_3)","decl":{"start":{"line":85,"column":10},"end":{"line":85,"column":11}},"loc":{"start":{"line":85,"column":22},"end":{"line":95,"column":3}},"line":85},"4":{"name":"(anonymous_4)","decl":{"start":{"line":102,"column":11},"end":{"line":102,"column":12}},"loc":{"start":{"line":102,"column":17},"end":{"line":111,"column":3}},"line":102},"5":{"name":"(anonymous_5)","decl":{"start":{"line":119,"column":2},"end":{"line":119,"column":3}},"loc":{"start":{"line":119,"column":11},"end":{"line":144,"column":3}},"line":119},"6":{"name":"(anonymous_6)","decl":{"start":{"line":134,"column":79},"end":{"line":134,"column":80}},"loc":{"start":{"line":134,"column":85},"end":{"line":134,"column":97}},"line":134}},"branchMap":{"0":{"loc":{"start":{"line":49,"column":4},"end":{"line":55,"column":5}},"type":"if","locations":[{"start":{"line":49,"column":4},"end":{"line":55,"column":5}},{"start":{"line":49,"column":4},"end":{"line":55,"column":5}}],"line":49},"1":{"loc":{"start":{"line":103,"column":4},"end":{"line":109,"column":5}},"type":"if","locations":[{"start":{"line":103,"column":4},"end":{"line":109,"column":5}},{"start":{"line":103,"column":4},"end":{"line":109,"column":5}}],"line":103}},"s":{"0":2,"1":2,"2":4,"3":4,"4":4,"5":4,"6":0,"7":0,"8":4,"9":0,"10":0,"11":0,"12":0,"13":4,"14":0,"15":0,"16":0,"17":0,"18":0,"19":0,"20":4,"21":0,"22":0,"23":0,"24":4,"25":0},"f":{"0":4,"1":0,"2":0,"3":0,"4":0,"5":4,"6":0},"b":{"0":[0,0],"1":[0,0]},"_coverageSchema":"43e27e138ebf9cfc5966b082cf9a028302ed4184","hash":"fe63373de7a379fbd8bf105410cb5b5893f523f0"}
}
