{"/Users/melissa/codefellows/401/finalproject/react-native-front-end/front-end/App.js": {"path":"/Users/melissa/codefellows/401/finalproject/react-native-front-end/front-end/App.js","statementMap":{"0":{"start":{"line":8,"column":22},"end":{"line":20,"column":4}},"1":{"start":{"line":22,"column":21},"end":{"line":22,"column":54}},"2":{"start":{"line":26,"column":4},"end":{"line":28,"column":6}}},"fnMap":{"0":{"name":"(anonymous_0)","decl":{"start":{"line":25,"column":2},"end":{"line":25,"column":3}},"loc":{"start":{"line":25,"column":10},"end":{"line":29,"column":3}},"line":25}},"branchMap":{},"s":{"0":1,"1":1,"2":2},"f":{"0":2},"b":{},"_coverageSchema":"43e27e138ebf9cfc5966b082cf9a028302ed4184","hash":"2c8259115fa5fdce7fc36d1c757b98d8b8849a20"}
,"/Users/melissa/codefellows/401/finalproject/react-native-front-end/front-end/src/component/Create-Goal/Create-Goal.js": {"path":"/Users/melissa/codefellows/401/finalproject/react-native-front-end/front-end/src/component/Create-Goal/Create-Goal.js","statementMap":{"0":{"start":{"line":10,"column":29},"end":{"line":10,"column":81}},"1":{"start":{"line":12,"column":4},"end":{"line":12,"column":17}},"2":{"start":{"line":13,"column":4},"end":{"line":13,"column":20}},"3":{"start":{"line":14,"column":4},"end":{"line":14,"column":52}},"4":{"start":{"line":18,"column":4},"end":{"line":18,"column":19}},"5":{"start":{"line":19,"column":4},"end":{"line":19,"column":59}},"6":{"start":{"line":22,"column":4},"end":{"line":22,"column":60}},"7":{"start":{"line":24,"column":21},"end":{"line":27,"column":3}},"8":{"start":{"line":25,"column":4},"end":{"line":25,"column":50}},"9":{"start":{"line":26,"column":4},"end":{"line":26,"column":35}},"10":{"start":{"line":30,"column":4},"end":{"line":57,"column":6}},"11":{"start":{"line":39,"column":57},"end":{"line":39,"column":87}},"12":{"start":{"line":48,"column":36},"end":{"line":48,"column":75}},"13":{"start":{"line":53,"column":36},"end":{"line":53,"column":81}}},"fnMap":{"0":{"name":"(anonymous_0)","decl":{"start":{"line":11,"column":2},"end":{"line":11,"column":3}},"loc":{"start":{"line":11,"column":20},"end":{"line":15,"column":3}},"line":11},"1":{"name":"(anonymous_1)","decl":{"start":{"line":17,"column":2},"end":{"line":17,"column":3}},"loc":{"start":{"line":17,"column":27},"end":{"line":20,"column":3}},"line":17},"2":{"name":"(anonymous_2)","decl":{"start":{"line":21,"column":2},"end":{"line":21,"column":3}},"loc":{"start":{"line":21,"column":27},"end":{"line":23,"column":3}},"line":21},"3":{"name":"(anonymous_3)","decl":{"start":{"line":24,"column":21},"end":{"line":24,"column":22}},"loc":{"start":{"line":24,"column":29},"end":{"line":27,"column":3}},"line":24},"4":{"name":"(anonymous_4)","decl":{"start":{"line":29,"column":2},"end":{"line":29,"column":3}},"loc":{"start":{"line":29,"column":11},"end":{"line":58,"column":3}},"line":29},"5":{"name":"(anonymous_5)","decl":{"start":{"line":39,"column":51},"end":{"line":39,"column":52}},"loc":{"start":{"line":39,"column":57},"end":{"line":39,"column":87}},"line":39},"6":{"name":"(anonymous_6)","decl":{"start":{"line":48,"column":25},"end":{"line":48,"column":26}},"loc":{"start":{"line":48,"column":36},"end":{"line":48,"column":75}},"line":48},"7":{"name":"(anonymous_7)","decl":{"start":{"line":53,"column":25},"end":{"line":53,"column":26}},"loc":{"start":{"line":53,"column":36},"end":{"line":53,"column":81}},"line":53}},"branchMap":{},"s":{"0":2,"1":2,"2":2,"3":2,"4":0,"5":0,"6":0,"7":2,"8":0,"9":0,"10":2,"11":0,"12":0,"13":0},"f":{"0":2,"1":0,"2":0,"3":0,"4":2,"5":0,"6":0,"7":0},"b":{},"_coverageSchema":"43e27e138ebf9cfc5966b082cf9a028302ed4184","hash":"eacf53857ab8c186fc217a169f1b99b23f8a1dec"}
,"/Users/melissa/codefellows/401/finalproject/react-native-front-end/front-end/src/component/Create-Goal/styles.js": {"path":"/Users/melissa/codefellows/401/finalproject/react-native-front-end/front-end/src/component/Create-Goal/styles.js","statementMap":{"0":{"start":{"line":3,"column":15},"end":{"line":5,"column":2}}},"fnMap":{},"branchMap":{},"s":{"0":2},"f":{},"b":{},"_coverageSchema":"43e27e138ebf9cfc5966b082cf9a028302ed4184","hash":"862e96c1506b9a9c8ebe6b962b640031e46ab735"}
,"/Users/melissa/codefellows/401/finalproject/react-native-front-end/front-end/src/component/Dashboard/Dashboard.js": {"path":"/Users/melissa/codefellows/401/finalproject/react-native-front-end/front-end/src/component/Dashboard/Dashboard.js","statementMap":{"0":{"start":{"line":7,"column":29},"end":{"line":7,"column":72}},"1":{"start":{"line":10,"column":29},"end":{"line":10,"column":95}},"2":{"start":{"line":13,"column":4},"end":{"line":13,"column":17}},"3":{"start":{"line":14,"column":4},"end":{"line":14,"column":20}},"4":{"start":{"line":15,"column":4},"end":{"line":15,"column":55}},"5":{"start":{"line":16,"column":4},"end":{"line":16,"column":54}},"6":{"start":{"line":17,"column":4},"end":{"line":17,"column":65}},"7":{"start":{"line":19,"column":4},"end":{"line":65,"column":6}},"8":{"start":{"line":69,"column":4},"end":{"line":84,"column":26}},"9":{"start":{"line":81,"column":6},"end":{"line":81,"column":33}},"10":{"start":{"line":82,"column":6},"end":{"line":82,"column":20}},"11":{"start":{"line":88,"column":4},"end":{"line":130,"column":6}},"12":{"start":{"line":95,"column":43},"end":{"line":102,"column":20}},"13":{"start":{"line":116,"column":50},"end":{"line":116,"column":94}}},"fnMap":{"0":{"name":"(anonymous_0)","decl":{"start":{"line":12,"column":2},"end":{"line":12,"column":3}},"loc":{"start":{"line":12,"column":21},"end":{"line":66,"column":3}},"line":12},"1":{"name":"(anonymous_1)","decl":{"start":{"line":68,"column":2},"end":{"line":68,"column":3}},"loc":{"start":{"line":68,"column":17},"end":{"line":85,"column":3}},"line":68},"2":{"name":"(anonymous_2)","decl":{"start":{"line":80,"column":11},"end":{"line":80,"column":12}},"loc":{"start":{"line":80,"column":21},"end":{"line":83,"column":5}},"line":80},"3":{"name":"(anonymous_3)","decl":{"start":{"line":87,"column":2},"end":{"line":87,"column":3}},"loc":{"start":{"line":87,"column":11},"end":{"line":131,"column":3}},"line":87},"4":{"name":"(anonymous_4)","decl":{"start":{"line":95,"column":29},"end":{"line":95,"column":30}},"loc":{"start":{"line":95,"column":43},"end":{"line":102,"column":20}},"line":95},"5":{"name":"(anonymous_5)","decl":{"start":{"line":116,"column":42},"end":{"line":116,"column":43}},"loc":{"start":{"line":116,"column":48},"end":{"line":116,"column":96}},"line":116}},"branchMap":{},"s":{"0":2,"1":2,"2":4,"3":4,"4":4,"5":3,"6":3,"7":3,"8":3,"9":0,"10":0,"11":3,"12":0,"13":0},"f":{"0":4,"1":3,"2":0,"3":3,"4":0,"5":0},"b":{},"_coverageSchema":"43e27e138ebf9cfc5966b082cf9a028302ed4184","hash":"7a1223b9f5cf8cedfb262d4c19b8f3530765f5fe"}
,"/Users/melissa/codefellows/401/finalproject/react-native-front-end/front-end/src/component/Home-Page/Home-Page.js": {"path":"/Users/melissa/codefellows/401/finalproject/react-native-front-end/front-end/src/component/Home-Page/Home-Page.js","statementMap":{"0":{"start":{"line":13,"column":20},"end":{"line":13,"column":71}},"1":{"start":{"line":16,"column":29},"end":{"line":16,"column":45}},"2":{"start":{"line":19,"column":4},"end":{"line":19,"column":17}},"3":{"start":{"line":20,"column":4},"end":{"line":20,"column":20}},"4":{"start":{"line":22,"column":4},"end":{"line":22,"column":34}},"5":{"start":{"line":23,"column":4},"end":{"line":23,"column":45}},"6":{"start":{"line":24,"column":4},"end":{"line":24,"column":30}},"7":{"start":{"line":26,"column":4},"end":{"line":26,"column":36}},"8":{"start":{"line":28,"column":4},"end":{"line":34,"column":5}},"9":{"start":{"line":29,"column":6},"end":{"line":33,"column":9}},"10":{"start":{"line":37,"column":20},"end":{"line":46,"column":3}},"11":{"start":{"line":38,"column":4},"end":{"line":38,"column":32}},"12":{"start":{"line":39,"column":17},"end":{"line":39,"column":41}},"13":{"start":{"line":41,"column":4},"end":{"line":45,"column":7}},"14":{"start":{"line":48,"column":10},"end":{"line":59,"column":3}},"15":{"start":{"line":49,"column":4},"end":{"line":58,"column":5}},"16":{"start":{"line":50,"column":6},"end":{"line":50,"column":60}},"17":{"start":{"line":52,"column":6},"end":{"line":52,"column":53}},"18":{"start":{"line":54,"column":6},"end":{"line":54,"column":63}},"19":{"start":{"line":56,"column":6},"end":{"line":56,"column":19}},"20":{"start":{"line":57,"column":6},"end":{"line":57,"column":27}},"21":{"start":{"line":61,"column":11},"end":{"line":69,"column":3}},"22":{"start":{"line":62,"column":4},"end":{"line":68,"column":5}},"23":{"start":{"line":63,"column":6},"end":{"line":67,"column":9}},"24":{"start":{"line":72,"column":4},"end":{"line":95,"column":6}},"25":{"start":{"line":86,"column":92},"end":{"line":86,"column":104}}},"fnMap":{"0":{"name":"(anonymous_0)","decl":{"start":{"line":18,"column":2},"end":{"line":18,"column":3}},"loc":{"start":{"line":18,"column":21},"end":{"line":35,"column":3}},"line":18},"1":{"name":"(anonymous_1)","decl":{"start":{"line":37,"column":20},"end":{"line":37,"column":21}},"loc":{"start":{"line":37,"column":31},"end":{"line":46,"column":3}},"line":37},"2":{"name":"(anonymous_2)","decl":{"start":{"line":48,"column":10},"end":{"line":48,"column":11}},"loc":{"start":{"line":48,"column":22},"end":{"line":59,"column":3}},"line":48},"3":{"name":"(anonymous_3)","decl":{"start":{"line":61,"column":11},"end":{"line":61,"column":12}},"loc":{"start":{"line":61,"column":17},"end":{"line":69,"column":3}},"line":61},"4":{"name":"(anonymous_4)","decl":{"start":{"line":71,"column":2},"end":{"line":71,"column":3}},"loc":{"start":{"line":71,"column":11},"end":{"line":96,"column":3}},"line":71},"5":{"name":"(anonymous_5)","decl":{"start":{"line":86,"column":86},"end":{"line":86,"column":87}},"loc":{"start":{"line":86,"column":92},"end":{"line":86,"column":104}},"line":86}},"branchMap":{"0":{"loc":{"start":{"line":28,"column":4},"end":{"line":34,"column":5}},"type":"if","locations":[{"start":{"line":28,"column":4},"end":{"line":34,"column":5}},{"start":{"line":28,"column":4},"end":{"line":34,"column":5}}],"line":28},"1":{"loc":{"start":{"line":62,"column":4},"end":{"line":68,"column":5}},"type":"if","locations":[{"start":{"line":62,"column":4},"end":{"line":68,"column":5}},{"start":{"line":62,"column":4},"end":{"line":68,"column":5}}],"line":62}},"s":{"0":2,"1":2,"2":4,"3":4,"4":4,"5":4,"6":4,"7":4,"8":4,"9":4,"10":4,"11":0,"12":0,"13":0,"14":4,"15":0,"16":0,"17":0,"18":0,"19":0,"20":0,"21":4,"22":0,"23":0,"24":4,"25":0},"f":{"0":4,"1":0,"2":0,"3":0,"4":4,"5":0},"b":{"0":[4,0],"1":[0,0]},"_coverageSchema":"43e27e138ebf9cfc5966b082cf9a028302ed4184","hash":"0d327624cf4dadf557d25849c2a57a1877dd726c"}
,"/Users/melissa/codefellows/401/finalproject/react-native-front-end/front-end/src/component/Home-Page/styles.js": {"path":"/Users/melissa/codefellows/401/finalproject/react-native-front-end/front-end/src/component/Home-Page/styles.js","statementMap":{"0":{"start":{"line":3,"column":15},"end":{"line":23,"column":2}}},"fnMap":{},"branchMap":{},"s":{"0":2},"f":{},"b":{},"_coverageSchema":"43e27e138ebf9cfc5966b082cf9a028302ed4184","hash":"d2d20314a9cc03430ad02fac0587cff5451f285a"}
,"/Users/melissa/codefellows/401/finalproject/react-native-front-end/front-end/src/component/If/If.js": {"path":"/Users/melissa/codefellows/401/finalproject/react-native-front-end/front-end/src/component/If/If.js","statementMap":{"0":{"start":{"line":1,"column":11},"end":{"line":8,"column":1}},"1":{"start":{"line":2,"column":2},"end":{"line":7,"column":3}},"2":{"start":{"line":3,"column":4},"end":{"line":3,"column":26}},"3":{"start":{"line":6,"column":4},"end":{"line":6,"column":16}}},"fnMap":{"0":{"name":"(anonymous_0)","decl":{"start":{"line":1,"column":11},"end":{"line":1,"column":12}},"loc":{"start":{"line":1,"column":20},"end":{"line":8,"column":1}},"line":1}},"branchMap":{"0":{"loc":{"start":{"line":2,"column":2},"end":{"line":7,"column":3}},"type":"if","locations":[{"start":{"line":2,"column":2},"end":{"line":7,"column":3}},{"start":{"line":2,"column":2},"end":{"line":7,"column":3}}],"line":2}},"s":{"0":3,"1":7,"2":1,"3":6},"f":{"0":7},"b":{"0":[1,6]},"_coverageSchema":"43e27e138ebf9cfc5966b082cf9a028302ed4184","hash":"d7baad7fb05e7dbe0e40820ff2d7df513fc8fefa"}
,"/Users/melissa/codefellows/401/finalproject/react-native-front-end/front-end/src/context/app-state-context.js": {"path":"/Users/melissa/codefellows/401/finalproject/react-native-front-end/front-end/src/context/app-state-context.js","statementMap":{"0":{"start":{"line":3,"column":24},"end":{"line":3,"column":45}}},"fnMap":{},"branchMap":{},"s":{"0":2},"f":{},"b":{},"_coverageSchema":"43e27e138ebf9cfc5966b082cf9a028302ed4184","hash":"cbdd4301942a86c8ae4bda2e3663259da354dfed"}
,"/Users/melissa/codefellows/401/finalproject/react-native-front-end/front-end/src/context/navigation-context.js": {"path":"/Users/melissa/codefellows/401/finalproject/react-native-front-end/front-end/src/context/navigation-context.js","statementMap":{"0":{"start":{"line":3,"column":26},"end":{"line":3,"column":47}}},"fnMap":{},"branchMap":{},"s":{"0":2},"f":{},"b":{},"_coverageSchema":"43e27e138ebf9cfc5966b082cf9a028302ed4184","hash":"c4829c3509ac0cd5f673f658e7f8faed27b3690e"}
}
