TN:
SF:/Users/melissa/codefellows/401/finalproject/react-native-front-end/front-end/App.js
FN:25,(anonymous_0)
FNF:1
FNH:1
FNDA:2,(anonymous_0)
DA:8,1
DA:22,1
DA:26,2
LF:3
LH:3
BRF:0
BRH:0
end_of_record
TN:
SF:/Users/melissa/codefellows/401/finalproject/react-native-front-end/front-end/src/component/Create-Goal/Create-Goal.js
FN:11,(anonymous_0)
FN:17,(anonymous_1)
FN:21,(anonymous_2)
FN:24,(anonymous_3)
FN:29,(anonymous_4)
FN:39,(anonymous_5)
FN:48,(anonymous_6)
FN:53,(anonymous_7)
FNF:8
FNH:2
FNDA:2,(anonymous_0)
FNDA:0,(anonymous_1)
FNDA:0,(anonymous_2)
FNDA:0,(anonymous_3)
FNDA:2,(anonymous_4)
FNDA:0,(anonymous_5)
FNDA:0,(anonymous_6)
FNDA:0,(anonymous_7)
DA:10,2
DA:12,2
DA:13,2
DA:14,2
DA:18,0
DA:19,0
DA:22,0
DA:24,2
DA:25,0
DA:26,0
DA:30,2
DA:39,0
DA:48,0
DA:53,0
LF:14
LH:6
BRF:0
BRH:0
end_of_record
TN:
SF:/Users/melissa/codefellows/401/finalproject/react-native-front-end/front-end/src/component/Create-Goal/styles.js
FNF:0
FNH:0
DA:3,2
LF:1
LH:1
BRF:0
BRH:0
end_of_record
TN:
SF:/Users/melissa/codefellows/401/finalproject/react-native-front-end/front-end/src/component/Dashboard/Dashboard.js
FN:12,(anonymous_0)
FN:68,(anonymous_1)
FN:80,(anonymous_2)
FN:87,(anonymous_3)
FN:95,(anonymous_4)
FN:116,(anonymous_5)
FNF:6
FNH:3
FNDA:4,(anonymous_0)
FNDA:3,(anonymous_1)
FNDA:0,(anonymous_2)
FNDA:3,(anonymous_3)
FNDA:0,(anonymous_4)
FNDA:0,(anonymous_5)
DA:7,2
DA:10,2
DA:13,4
DA:14,4
DA:15,4
DA:16,3
DA:17,3
DA:19,3
DA:69,3
DA:81,0
DA:82,0
DA:88,3
DA:95,0
DA:116,0
LF:14
LH:10
BRF:0
BRH:0
end_of_record
TN:
SF:/Users/melissa/codefellows/401/finalproject/react-native-front-end/front-end/src/component/Home-Page/Home-Page.js
FN:18,(anonymous_0)
FN:37,(anonymous_1)
FN:48,(anonymous_2)
FN:61,(anonymous_3)
FN:71,(anonymous_4)
FN:86,(anonymous_5)
FNF:6
FNH:2
FNDA:4,(anonymous_0)
FNDA:0,(anonymous_1)
FNDA:0,(anonymous_2)
FNDA:0,(anonymous_3)
FNDA:4,(anonymous_4)
FNDA:0,(anonymous_5)
DA:13,2
DA:16,2
DA:19,4
DA:20,4
DA:22,4
DA:23,4
DA:24,4
DA:26,4
DA:28,4
DA:29,4
DA:37,4
DA:38,0
DA:39,0
DA:41,0
DA:48,4
DA:49,0
DA:50,0
DA:52,0
DA:54,0
DA:56,0
DA:57,0
DA:61,4
DA:62,0
DA:63,0
DA:72,4
DA:86,0
LF:26
LH:14
BRDA:28,0,0,4
BRDA:28,0,1,0
BRDA:62,1,0,0
BRDA:62,1,1,0
BRF:4
BRH:1
end_of_record
TN:
SF:/Users/melissa/codefellows/401/finalproject/react-native-front-end/front-end/src/component/Home-Page/styles.js
FNF:0
FNH:0
DA:3,2
LF:1
LH:1
BRF:0
BRH:0
end_of_record
TN:
SF:/Users/melissa/codefellows/401/finalproject/react-native-front-end/front-end/src/component/If/If.js
FN:1,(anonymous_0)
FNF:1
FNH:1
FNDA:7,(anonymous_0)
DA:1,3
DA:2,7
DA:3,1
DA:6,6
LF:4
LH:4
BRDA:2,0,0,1
BRDA:2,0,1,6
BRF:2
BRH:2
end_of_record
TN:
SF:/Users/melissa/codefellows/401/finalproject/react-native-front-end/front-end/src/context/app-state-context.js
FNF:0
FNH:0
DA:3,2
LF:1
LH:1
BRF:0
BRH:0
end_of_record
TN:
SF:/Users/melissa/codefellows/401/finalproject/react-native-front-end/front-end/src/context/navigation-context.js
FNF:0
FNH:0
DA:3,2
LF:1
LH:1
BRF:0
BRH:0
end_of_record
